<?xml version="1.0" encoding="UTF-8"?>
<!-- Generated by org.testng.reporters.JUnitReportReporter -->
<testsuite skipped="0" hostname="DDC2-d-778R9B2" name="My_demo_01.My_demo_01.Sample_Keys01" tests="1" failures="0" timestamp="19 Jul 2019 04:35:43 GMT" time="12.747" errors="0">
  <testcase name="f" time="12.747" classname="My_demo_01.My_demo_01.Sample_Keys01"/>
</testsuite> <!-- My_demo_01.My_demo_01.Sample_Keys01 -->
