<?xml version="1.0" encoding="UTF-8"?>
<!-- Generated by org.testng.reporters.JUnitReportReporter -->
<testsuite skipped="0" hostname="DDC2-d-778R9B2" name="My_demo_01.My_demo_01.TestClass02" tests="3" failures="0" timestamp="19 Jul 2019 11:19:58 GMT" time="0.018" errors="0">
  <testcase name="Method4" time="0.014" classname="My_demo_01.My_demo_01.TestClass02"/>
  <testcase name="Method6" time="0.002" classname="My_demo_01.My_demo_01.TestClass02"/>
  <testcase name="Method5" time="0.002" classname="My_demo_01.My_demo_01.TestClass02"/>
</testsuite> <!-- My_demo_01.My_demo_01.TestClass02 -->
