<?xml version="1.0" encoding="UTF-8"?>
<!-- Generated by org.testng.reporters.JUnitReportReporter -->
<testsuite skipped="0" hostname="DDC2-d-778R9B2" name="My_demo_01.My_demo_01.Sample_action02" tests="1" failures="0" timestamp="18 Jul 2019 12:26:10 GMT" time="23.951" errors="0">
  <testcase name="f" time="23.951" classname="My_demo_01.My_demo_01.Sample_action02"/>
</testsuite> <!-- My_demo_01.My_demo_01.Sample_action02 -->
