<?xml version="1.0" encoding="UTF-8"?>
<!-- Generated by org.testng.reporters.JUnitReportReporter -->
<testsuite skipped="0" hostname="DDC2-d-778R9B2" name="My_demo_01.My_demo_01.Mul_drivers" tests="2" failures="0" timestamp="19 Jul 2019 07:31:07 GMT" time="35.295" errors="0">
  <testcase name="a" time="26.971" classname="My_demo_01.My_demo_01.Mul_drivers"/>
  <testcase name="b" time="8.324" classname="My_demo_01.My_demo_01.Mul_drivers"/>
</testsuite> <!-- My_demo_01.My_demo_01.Mul_drivers -->
