<?xml version="1.0" encoding="UTF-8"?>
<!-- Generated by org.testng.reporters.JUnitReportReporter -->
<testsuite skipped="0" hostname="DDC2-d-778R9B2" name="My_demo_01.My_demo_01.Sample1" tests="4" failures="0" timestamp="17 Jul 2019 09:50:47 GMT" time="0.020" errors="0">
  <testcase name="Login" time="0.002" classname="My_demo_01.My_demo_01.Sample1"/>
  <testcase name="Logout" time="0.002" classname="My_demo_01.My_demo_01.Sample1"/>
  <testcase name="Addtocart" time="0.014" classname="My_demo_01.My_demo_01.Sample1"/>
  <testcase name="Registration" time="0.002" classname="My_demo_01.My_demo_01.Sample1"/>
</testsuite> <!-- My_demo_01.My_demo_01.Sample1 -->
