<?xml version="1.0" encoding="UTF-8"?>
<!-- Generated by org.testng.reporters.JUnitReportReporter -->
<testsuite skipped="0" hostname="DDC2-d-778R9B2" name="My_demo_01.My_demo_01.Read_Data" tests="1" failures="0" timestamp="22 Jul 2019 09:56:57 GMT" time="0.814" errors="0">
  <testcase name="readExcelSetofData" time="0.814" classname="My_demo_01.My_demo_01.Read_Data"/>
</testsuite> <!-- My_demo_01.My_demo_01.Read_Data -->
