<?xml version="1.0" encoding="UTF-8"?>
<!-- Generated by org.testng.reporters.JUnitReportReporter -->
<testsuite skipped="0" hostname="DDC2-d-778R9B2" name="My_demo_01.My_demo_01.Sample_action01" tests="1" failures="0" timestamp="18 Jul 2019 11:11:33 GMT" time="14.811" errors="0">
  <testcase name="f" time="14.811" classname="My_demo_01.My_demo_01.Sample_action01"/>
</testsuite> <!-- My_demo_01.My_demo_01.Sample_action01 -->
