<?xml version="1.0" encoding="UTF-8"?>
<!-- Generated by org.testng.reporters.JUnitReportReporter -->
<testsuite skipped="0" hostname="DDC2-d-778R9B2" name="My_demo_01.My_demo_01.TestClass01" tests="2" failures="0" timestamp="19 Jul 2019 11:19:58 GMT" time="0.016" errors="0">
  <testcase name="Method3" time="0.002" classname="My_demo_01.My_demo_01.TestClass01"/>
  <testcase name="Method1" time="0.014" classname="My_demo_01.My_demo_01.TestClass01"/>
</testsuite> <!-- My_demo_01.My_demo_01.TestClass01 -->
