<?xml version="1.0" encoding="UTF-8"?>
<!-- Generated by org.testng.reporters.JUnitReportReporter -->
<testsuite skipped="0" hostname="DDC2-d-778R9B2" name="My_demo_01.My_demo_01.Demo_RTC" tests="1" failures="0" timestamp="18 Jul 2019 10:17:36 GMT" time="14.082" errors="0">
  <testcase name="f" time="14.082" classname="My_demo_01.My_demo_01.Demo_RTC"/>
</testsuite> <!-- My_demo_01.My_demo_01.Demo_RTC -->
