<?xml version="1.0" encoding="UTF-8"?>
<!-- Generated by org.testng.reporters.JUnitReportReporter -->
<testsuite skipped="0" hostname="DDC2-d-778R9B2" name="My_demo_01.My_demo_01.OnlineShoppingTest" tests="4" failures="0" timestamp="22 Jul 2019 13:59:06 GMT" time="111.798" errors="0">
  <testcase name="testregistration" time="67.125" classname="My_demo_01.My_demo_01.OnlineShoppingTest"/>
  <testcase name="testlogin" time="4.367" classname="My_demo_01.My_demo_01.OnlineShoppingTest"/>
  <testcase name="testCart" time="7.551" classname="My_demo_01.My_demo_01.OnlineShoppingTest"/>
  <testcase name="testPayment" time="32.755" classname="My_demo_01.My_demo_01.OnlineShoppingTest"/>
</testsuite> <!-- My_demo_01.My_demo_01.OnlineShoppingTest -->
