<?xml version="1.0" encoding="UTF-8"?>
<!-- Generated by org.testng.reporters.JUnitReportReporter -->
<testsuite skipped="0" hostname="DDC2-d-778R9B2" name="My_demo_01.My_demo_01.Sample_Keys02" tests="1" failures="0" timestamp="19 Jul 2019 09:58:40 GMT" time="52.408" errors="0">
  <testcase name="f" time="52.408" classname="My_demo_01.My_demo_01.Sample_Keys02"/>
</testsuite> <!-- My_demo_01.My_demo_01.Sample_Keys02 -->
