<?xml version="1.0" encoding="UTF-8"?>
<!-- Generated by org.testng.reporters.JUnitReportReporter -->
<testsuite skipped="0" hostname="DDC2-d-778R9B2" name="My_demo_01.My_demo_01.Sample_02" tests="1" failures="0" timestamp="18 Jul 2019 07:15:34 GMT" time="26.131" errors="0">
  <testcase name="f" time="26.131" classname="My_demo_01.My_demo_01.Sample_02"/>
</testsuite> <!-- My_demo_01.My_demo_01.Sample_02 -->
