<?xml version="1.0" encoding="UTF-8"?>
<!-- Generated by org.testng.reporters.JUnitReportReporter -->
<testsuite skipped="0" hostname="DDC2-d-778R9B2" name="My_demo_01.My_demo_01.Extend_reportdemo" tests="1" failures="0" timestamp="22 Jul 2019 06:24:49 GMT" time="34.637" errors="0">
  <testcase name="f" time="34.637" classname="My_demo_01.My_demo_01.Extend_reportdemo"/>
</testsuite> <!-- My_demo_01.My_demo_01.Extend_reportdemo -->
